<?xml version="1.0" encoding="UTF-8"?>
<!-- Generated by org.testng.reporters.JUnitReportReporter -->
<testsuite hostname="Sukesh" failures="0" tests="1" name="com.zohoCrm.testscript.CreateCust" time="0.019" errors="0" timestamp="14 Feb 2023 01:11:30 GMT" skipped="0">
  <testcase classname="com.zohoCrm.testscript.CreateCust" name="testCreateModule" time="0.019"/>
</testsuite> <!-- com.zohoCrm.testscript.CreateCust -->
